[debug] [2021-05-05T18:48:22.231Z] ----------------------------------------------------------------------
[debug] [2021-05-05T18:48:22.233Z] Command:       C:\Program Files\nodejs\node.exe C:\Users\hp\AppData\Roaming\npm\node_modules\firebase-tools\lib\bin\firebase.js init
[debug] [2021-05-05T18:48:22.234Z] CLI Version:   9.10.0
[debug] [2021-05-05T18:48:22.234Z] Platform:      win32
[debug] [2021-05-05T18:48:22.234Z] Node Version:  v14.15.4
[debug] [2021-05-05T18:48:22.235Z] Time:          Wed May 05 2021 14:48:22 GMT-0400 (Eastern Daylight Time)
[debug] [2021-05-05T18:48:22.235Z] ----------------------------------------------------------------------
[debug] 
[debug] [2021-05-05T18:48:22.242Z] > command requires scopes: ["email","openid","https://www.googleapis.com/auth/cloudplatformprojects.readonly","https://www.googleapis.com/auth/firebase","https://www.googleapis.com/auth/cloud-platform"]
[debug] [2021-05-05T18:48:22.242Z] > authorizing via signed-in user (sunilrajt.128@gmail.com)
[info] 
     ######## #### ########  ######## ########     ###     ######  ########
     ##        ##  ##     ## ##       ##     ##  ##   ##  ##       ##
     ######    ##  ########  ######   ########  #########  ######  ######
     ##        ##  ##    ##  ##       ##     ## ##     ##       ## ##
     ##       #### ##     ## ######## ########  ##     ##  ######  ########

You're about to initialize a Firebase project in this directory:

  G:\Online Self Learning\Frontend\netflix-clone

[info] 
=== Project Setup
[info] 
[info] First, let's associate this project directory with a Firebase project.
[info] You can create multiple project aliases by running firebase use --add, 
[info] but for now we'll just set up a default project.
[info] 
[debug] [2021-05-05T18:48:47.961Z] >>> [apiv2][query] GET https://firebase.googleapis.com/v1beta1/projects pageSize=100
[debug] [2021-05-05T18:48:48.365Z] <<< [apiv2][status] GET https://firebase.googleapis.com/v1beta1/projects 200
[debug] [2021-05-05T18:48:48.366Z] <<< [apiv2][body] GET https://firebase.googleapis.com/v1beta1/projects [omitted]
[info] i  Using project netflix-clone-b369c (netflix-clone) 
[info] 
=== Hosting Setup
[info] 
[info] Your public directory is the folder (relative to your project directory) that
[info] will contain Hosting assets to be uploaded with firebase deploy. If you
[info] have a build process for your assets, use your build's output directory.
[info] 
[debug] [2021-05-05T18:50:22.223Z] >>> [apiv2][query] GET https://www.gstatic.com/firebasejs/releases.json [none]
[debug] [2021-05-05T18:50:22.322Z] <<< [apiv2][status] GET https://www.gstatic.com/firebasejs/releases.json 200
[debug] [2021-05-05T18:50:22.323Z] <<< [apiv2][body] GET https://www.gstatic.com/firebasejs/releases.json {"current":{"version":"8.4.3","browserURL":"https://www.gstatic.com/firebasejs/8.4.3/firebase.js","packageURL":"https://www.gstatic.com/firebasejs/8.4.3/firebase.tgz"},"live":{"version":"8.4","browserURL":"https://www.gstatic.com/firebasejs/live/8.4/firebase.js","packageURL":"https://www.gstatic.com/firebasejs/live/8.4/firebase.tgz"},"components":{"analytics":"https://www.gstatic.com/firebasejs/8.4.3/firebase-analytics.js","app":"https://www.gstatic.com/firebasejs/8.4.3/firebase-app.js","auth":"https://www.gstatic.com/firebasejs/8.4.3/firebase-auth.js","database":"https://www.gstatic.com/firebasejs/8.4.3/firebase-database.js","firestore":"https://www.gstatic.com/firebasejs/8.4.3/firebase-firestore.js","functions":"https://www.gstatic.com/firebasejs/8.4.3/firebase-functions.js","installations":"https://www.gstatic.com/firebasejs/8.4.3/firebase-installations.js","messaging":"https://www.gstatic.com/firebasejs/8.4.3/firebase-messaging.js","storage":"https://www.gstatic.com/firebasejs/8.4.3/firebase-storage.js","performance":"https://www.gstatic.com/firebasejs/8.4.3/firebase-performance.js","remote-config":"https://www.gstatic.com/firebasejs/8.4.3/firebase-remote-config.js","firestore.memory":"https://www.gstatic.com/firebasejs/8.4.3/firebase-firestore.memory.js"}}
[info] +  Wrote build/index.html 
[info] 
[info] i  Detected a .git folder at G:\Online Self Learning\Frontend\netflix-clone 
[info] i  Authorizing with GitHub to upload your service account to a GitHub repository's secrets store. 
[info] 
[info] Visit this URL on this device to log in:
[info] https://github.com/login/oauth/authorize?client_id=89cf50f02ac6aaed3484&state=795283588&redirect_uri=http%3A%2F%2Flocalhost%3A9005&scope=read%3Auser%20repo%20public_repo
[info] 
[info] Waiting for authentication...
[debug] [2021-05-05T18:50:37.385Z] >>> HTTP REQUEST POST https://github.com/login/oauth/access_token  
 {"client_id":"89cf50f02ac6aaed3484","client_secret":"3330d14abc895d9a74d5f17cd7a00711fa2c5bf0","code":"08e904374253dc4811ee","redirect_uri":"http://localhost:9005","state":"795283588"}
[debug] [2021-05-05T18:50:37.722Z] <<< HTTP RESPONSE 200 {"server":"GitHub.com","date":"Wed, 05 May 2021 18:50:36 GMT","content-type":"application/json; charset=utf-8","transfer-encoding":"chunked","vary":"X-PJAX, Accept-Encoding, Accept, X-Requested-With","permissions-policy":"interest-cohort=()","etag":"W/\"cc04262d0eb6162f2914eacdcc7db3b7\"","cache-control":"max-age=0, private, must-revalidate","strict-transport-security":"max-age=31536000; includeSubdomains; preload","x-frame-options":"deny","x-content-type-options":"nosniff","x-xss-protection":"0","referrer-policy":"origin-when-cross-origin, strict-origin-when-cross-origin","expect-ct":"max-age=2592000, report-uri=\"https://api.github.com/_private/browser/errors\"","content-security-policy":"default-src 'none'; base-uri 'self'; block-all-mixed-content; connect-src 'self' uploads.github.com www.githubstatus.com collector.githubapp.com api.github.com github-cloud.s3.amazonaws.com github-production-repository-file-5c1aeb.s3.amazonaws.com github-production-upload-manifest-file-7fdce7.s3.amazonaws.com github-production-user-asset-6210df.s3.amazonaws.com cdn.optimizely.com logx.optimizely.com/v1/events wss://alive.github.com; font-src github.githubassets.com; form-action 'self' github.com gist.github.com; frame-ancestors 'none'; frame-src render.githubusercontent.com; img-src 'self' data: github.githubassets.com identicons.github.com collector.githubapp.com github-cloud.s3.amazonaws.com secured-user-images.githubusercontent.com/ *.githubusercontent.com; manifest-src 'self'; media-src 'none'; script-src github.githubassets.com; style-src 'unsafe-inline' github.githubassets.com; worker-src github.com/socket-worker-3f088aa2.js gist.github.com/socket-worker-3f088aa2.js","x-github-request-id":"3488:21FF:E568C:1AFA43:6092E8FC"}
[debug] [2021-05-05T18:50:37.782Z] >>> [apiv2][query] GET https://api.github.com/user [none]
[debug] [2021-05-05T18:50:38.021Z] <<< [apiv2][status] GET https://api.github.com/user 200
[debug] [2021-05-05T18:50:38.022Z] <<< [apiv2][body] GET https://api.github.com/user {"login":"datablazor","id":23362828,"node_id":"MDQ6VXNlcjIzMzYyODI4","avatar_url":"https://avatars.githubusercontent.com/u/23362828?v=4","gravatar_id":"","url":"https://api.github.com/users/datablazor","html_url":"https://github.com/datablazor","followers_url":"https://api.github.com/users/datablazor/followers","following_url":"https://api.github.com/users/datablazor/following{/other_user}","gists_url":"https://api.github.com/users/datablazor/gists{/gist_id}","starred_url":"https://api.github.com/users/datablazor/starred{/owner}{/repo}","subscriptions_url":"https://api.github.com/users/datablazor/subscriptions","organizations_url":"https://api.github.com/users/datablazor/orgs","repos_url":"https://api.github.com/users/datablazor/repos","events_url":"https://api.github.com/users/datablazor/events{/privacy}","received_events_url":"https://api.github.com/users/datablazor/received_events","type":"User","site_admin":false,"name":"Sunil Raj Thota","company":"Northeastern University","blog":"https://medium.com/@sunilrajthota","location":"Boston","email":"sunilrajt.128@gmail.com","hireable":true,"bio":"Avid to learn new technologies and strategies. ","twitter_username":"sunilraj17","public_repos":11,"public_gists":0,"followers":1,"following":0,"created_at":"2016-11-09T16:34:44Z","updated_at":"2021-05-05T18:50:34Z","private_gists":0,"total_private_repos":1,"owned_private_repos":1,"disk_usage":1165154,"collaborators":0,"two_factor_authentication":false,"plan":{"name":"pro","space":976562499,"collaborators":0,"private_repos":9999}}
[info] 
[info] +  Success! Logged into GitHub as datablazor 
[info] 
[debug] [2021-05-05T18:51:42.835Z] >>> [apiv2][query] GET https://api.github.com/repos/datablazor/netflix-clone/actions/secrets/public-key type=owner
[debug] [2021-05-05T18:51:42.988Z] <<< [apiv2][status] GET https://api.github.com/repos/datablazor/netflix-clone/actions/secrets/public-key 404
[debug] [2021-05-05T18:51:42.988Z] <<< [apiv2][body] GET https://api.github.com/repos/datablazor/netflix-clone/actions/secrets/public-key {"message":"Not Found","documentation_url":"https://docs.github.com/rest/reference/actions#get-a-repository-public-key"}
